<?xml version="1.0" encoding="UTF-8"?>
<!-- Generated by org.testng.reporters.JUnitXMLReporter -->
<testsuite ignored="0" hostname="Siva" failures="0" tests="7" name="Default test" time="47.09" errors="0" timestamp="2023-02-17T11:05:47 IST">
  <testcase classname="testngtutorial.TestNgPriority" name="flipkart" time="5.507"/>
  <testcase classname="testngtutorial.TestNgPriority" name="google" time="4.606"/>
  <testcase classname="testngtutorial.TestNgPriority" name="meesho" time="4.836"/>
  <testcase classname="testngtutorial.TestNgPriority" name="whatsap" time="8.641"/>
  <testcase classname="testngtutorial.TestNgPriority" name="Selenium" time="11.241"/>
  <testcase classname="testngtutorial.TestNgPriority" name="Redmine" time="6.161"/>
  <testcase classname="testngtutorial.TestNgPriority" name="facebook" time="4.141"/>
</testsuite> <!-- Default test -->
