<?xml version="1.0" encoding="UTF-8"?>
<testng-results ignored="0" total="1" passed="1" failed="0" skipped="0">
  <reporter-output>
  </reporter-output>
  <suite started-at="2023-02-19T18:52:37 IST" name="Default suite" finished-at="2023-02-19T18:52:50 IST" duration-ms="13847">
    <groups>
    </groups>
    <test started-at="2023-02-19T18:52:37 IST" name="Default test" finished-at="2023-02-19T18:52:50 IST" duration-ms="13847">
      <class name="SeleniumPractice.LocatorsCSSSelectors">
        <test-method is-config="true" signature="beforeClass()[pri:0, instance:SeleniumPractice.LocatorsCSSSelectors@47e2e487]" started-at="2023-02-19T18:52:37 IST" name="beforeClass" finished-at="2023-02-19T18:52:38 IST" duration-ms="1663" status="PASS">
          <reporter-output>
          </reporter-output>
        </test-method> <!-- beforeClass -->
        <test-method signature="locatorcssselector()[pri:0, instance:SeleniumPractice.LocatorsCSSSelectors@47e2e487]" started-at="2023-02-19T18:52:38 IST" name="locatorcssselector" finished-at="2023-02-19T18:52:50 IST" duration-ms="11742" status="PASS">
          <reporter-output>
          </reporter-output>
        </test-method> <!-- locatorcssselector -->
        <test-method is-config="true" signature="afterClass()[pri:0, instance:SeleniumPractice.LocatorsCSSSelectors@47e2e487]" started-at="2023-02-19T18:52:50 IST" name="afterClass" finished-at="2023-02-19T18:52:50 IST" duration-ms="401" status="PASS">
          <reporter-output>
          </reporter-output>
        </test-method> <!-- afterClass -->
      </class> <!-- SeleniumPractice.LocatorsCSSSelectors -->
    </test> <!-- Default test -->
  </suite> <!-- Default suite -->
</testng-results>
