<?xml version="1.0" encoding="UTF-8"?>
<testng-results ignored="0" total="1" passed="1" failed="0" skipped="0">
  <reporter-output>
  </reporter-output>
  <suite started-at="2023-02-14T11:41:09 IST" name="Default suite" finished-at="2023-02-14T11:41:19 IST" duration-ms="9893">
    <groups>
    </groups>
    <test started-at="2023-02-14T11:41:09 IST" name="Default test" finished-at="2023-02-14T11:41:19 IST" duration-ms="9893">
      <class name="log4jtutorial.Log4jdemo">
        <test-method signature="log4j()[pri:0, instance:log4jtutorial.Log4jdemo@7205765b]" started-at="2023-02-14T11:41:09 IST" name="log4j" finished-at="2023-02-14T11:41:19 IST" duration-ms="9815" status="PASS">
          <reporter-output>
          </reporter-output>
        </test-method> <!-- log4j -->
      </class> <!-- log4jtutorial.Log4jdemo -->
    </test> <!-- Default test -->
  </suite> <!-- Default suite -->
</testng-results>
